<?xml version="1.0" encoding="utf-8"?><testsuites name="pytest tests"><testsuite name="pytest" errors="0" failures="0" skipped="0" tests="15" time="6.218" timestamp="2026-04-20T11:25:30.347757+00:00" hostname="agent-env-c5936040-feb0-4410-93bb-0d501797b168"><testcase classname="backend.tests.backend_test.TestAuth" name="test_login_admin1" time="0.504" /><testcase classname="backend.tests.backend_test.TestAuth" name="test_login_admin2" time="0.379" /><testcase classname="backend.tests.backend_test.TestAuth" name="test_login_wrong_password" time="0.369" /><testcase classname="backend.tests.backend_test.TestAuth" name="test_me_requires_auth" time="0.101" /><testcase classname="backend.tests.backend_test.TestAuth" name="test_me_with_cookie" time="0.428" /><testcase classname="backend.tests.backend_test.TestAuth" name="test_change_password_wrong_current" time="0.272" /><testcase classname="backend.tests.backend_test.TestAuth" name="test_change_password_round_trip" time="2.038" /><testcase classname="backend.tests.backend_test.TestAuth" name="test_logout_clears_cookie" time="0.485" /><testcase classname="backend.tests.backend_test.TestCategories" name="test_eight_seeded" time="0.047" /><testcase classname="backend.tests.backend_test.TestEmployees" name="test_crud" time="0.218" /><testcase classname="backend.tests.backend_test.TestLocations" name="test_crud" time="0.154" /><testcase classname="backend.tests.backend_test.TestAssets" name="test_create_auto_id_and_duplicate" time="0.345" /><testcase classname="backend.tests.backend_test.TestAssets" name="test_filters" time="0.381" /><testcase classname="backend.tests.backend_test.TestMaintenance" name="test_crud" time="0.264" /><testcase classname="backend.tests.backend_test.TestDashboard" name="test_stats" time="0.057" /></testsuite></testsuites>